<?xml version="1.0" encoding="UTF-8" ?>
<testsuites disabled="0" errors="0" failures="0" tests="14" time="122.352">
 <testsuite name="Guru99Bank LoginPage TestCases WorkFlow " timestamp="2020-07-07T22:15:52" hostname="localhost" time="36.985" errors="0" tests="1" skipped="0" disabled="0" failures="0">
  <testcase classname="Guru99Bank LoginPage TestCases WorkFlow " name="Login to Guru99Bank application" time="14.052" />
 </testsuite>
 <testsuite name="Guru99Bank HomePage TestCases Workflow" timestamp="2020-07-07T22:16:29" hostname="localhost" time="25.741" errors="0" tests="2" skipped="0" disabled="0" failures="0">
  <testcase classname="Guru99Bank HomePage TestCases Workflow" name="Verify user should able to seen welcome message after login" time="0.393" />
  <testcase classname="Guru99Bank HomePage TestCases Workflow" name="Verify user should able to see the manager id from which he login" time="0.382" />
 </testsuite>
 <testsuite name="Guru99Bank NewCostumer Page Testcases workflow" timestamp="2020-07-07T22:16:54" hostname="localhost" time="34.975" errors="0" tests="5" skipped="0" disabled="0" failures="0">
  <testcase classname="Guru99Bank NewCostumer Page Testcases workflow" name="Verify costumer name field  with invalid name numbers " time="0.937" />
  <testcase classname="Guru99Bank NewCostumer Page Testcases workflow" name="Verify costumer name field with invalid name invallid chracters " time="1.007" />
  <testcase classname="Guru99Bank NewCostumer Page Testcases workflow" name="Verify costumer name filed with invalid name space" time="0.707" />
  <testcase classname="Guru99Bank NewCostumer Page Testcases workflow" name="Verify the maximum characters limit in costumer name filed by enterig maximum characters" time="1.234" />
  <testcase classname="Guru99Bank NewCostumer Page Testcases workflow" name="verify costumer name message without entering any value" time="0.623" />
 </testsuite>
 <testsuite name="Guru99Bank EditCostumer Page TestCases Workflow" timestamp="2020-07-07T22:17:29" hostname="localhost" time="11.783" errors="0" tests="4" skipped="0" disabled="0" failures="0">
  <testcase classname="Guru99Bank EditCostumer Page TestCases Workflow" name="verify edit costumer id by entering alphabets" time="0.543" />
  <testcase classname="Guru99Bank EditCostumer Page TestCases Workflow" name="Verify edit costumer id alert " time="0.517" />
  <testcase classname="Guru99Bank EditCostumer Page TestCases Workflow" name="Verify costumer id field by entering special characters" time="0.458" />
  <testcase classname="Guru99Bank EditCostumer Page TestCases Workflow" name="Verify costumer id field by entering space" time="0.843" />
 </testsuite>
 <testsuite name="Guru99Bank DeleteCustomer Page TestCases WorkFlow " timestamp="2020-07-07T22:17:41" hostname="localhost" time="12.868" errors="0" tests="2" skipped="0" disabled="0" failures="0">
  <testcase classname="Guru99Bank DeleteCustomer Page TestCases WorkFlow " name="Verify CustomerId Message By entering aphlabets" time="0.51" />
  <testcase classname="Guru99Bank DeleteCustomer Page TestCases WorkFlow " name="Verify CustomerId Message By entering specialcharacters" time="0.712" />
 </testsuite>
</testsuites>